This is pdfTeX, Version 3.141592653-2.6-1.40.24 (TeX Live 2022) (preloaded format=pdflatex 2022.9.24)  27 SEP 2022 01:42
entering extended mode
 restricted \write18 enabled.
 %&-line parsing enabled.
**Untitled.tex
(./Untitled.tex
LaTeX2e <2021-11-15> patch level 1
L3 programming layer <2022-02-24>
(/usr/local/texlive/2022/texmf-dist/tex/latex/base/article.cls
Document Class: article 2021/10/04 v1.4n Standard LaTeX document class
(/usr/local/texlive/2022/texmf-dist/tex/latex/base/size10.clo
File: size10.clo 2021/10/04 v1.4n Standard LaTeX file (size option)
)
\c@part=\count185
\c@section=\count186
\c@subsection=\count187
\c@subsubsection=\count188
\c@paragraph=\count189
\c@subparagraph=\count190
\c@figure=\count191
\c@table=\count192
\abovecaptionskip=\skip47
\belowcaptionskip=\skip48
\bibindent=\dimen138
)
(/usr/local/texlive/2022/texmf-dist/tex/latex/base/inputenc.sty
Package: inputenc 2021/02/14 v1.3d Input encoding file
\inpenc@prehook=\toks16
\inpenc@posthook=\toks17
)
(/usr/local/texlive/2022/texmf-dist/tex/latex/blindtext/blindtext.sty
Package: blindtext 2012/01/06 V2.0 blindtext-Package

(/usr/local/texlive/2022/texmf-dist/tex/latex/tools/xspace.sty
Package: xspace 2014/10/28 v1.13 Space after command names (DPC,MH)
)
\c@blindtext=\count193
\c@Blindtext=\count194
\c@blind@countparstart=\count195
\blind@countxx=\count196
\blindtext@numBlindtext=\count197
\blind@countyy=\count198
\c@blindlist=\count199
\c@blindlistlevel=\count266
\c@blindlist@level=\count267
\blind@listitem=\count268
\c@blind@listcount=\count269
\c@blind@levelcount=\count270
\blind@mathformula=\count271
\blind@Mathformula=\count272
\c@blind@randomcount=\count273
\c@blind@randommax=\count274
\c@blind@pangramcount=\count275
\c@blind@pangrammax=\count276
)
(/usr/local/texlive/2022/texmf-dist/tex/latex/geometry/geometry.sty
Package: geometry 2020/01/02 v5.9 Page Geometry

(/usr/local/texlive/2022/texmf-dist/tex/latex/graphics/keyval.sty
Package: keyval 2014/10/28 v1.15 key=value parser (DPC)
\KV@toks@=\toks18
)
(/usr/local/texlive/2022/texmf-dist/tex/generic/iftex/ifvtex.sty
Package: ifvtex 2019/10/25 v1.7 ifvtex legacy package. Use iftex instead.

(/usr/local/texlive/2022/texmf-dist/tex/generic/iftex/iftex.sty
Package: iftex 2022/02/03 v1.0f TeX engine tests
))
\Gm@cnth=\count277
\Gm@cntv=\count278
\c@Gm@tempcnt=\count279
\Gm@bindingoffset=\dimen139
\Gm@wd@mp=\dimen140
\Gm@odd@mp=\dimen141
\Gm@even@mp=\dimen142
\Gm@layoutwidth=\dimen143
\Gm@layoutheight=\dimen144
\Gm@layouthoffset=\dimen145
\Gm@layoutvoffset=\dimen146
\Gm@dimlist=\toks19
)
(/usr/local/texlive/2022/texmf-dist/tex/latex/graphics/graphicx.sty
Package: graphicx 2021/09/16 v1.2d Enhanced LaTeX Graphics (DPC,SPQR)

(/usr/local/texlive/2022/texmf-dist/tex/latex/graphics/graphics.sty
Package: graphics 2021/03/04 v1.4d Standard LaTeX Graphics (DPC,SPQR)

(/usr/local/texlive/2022/texmf-dist/tex/latex/graphics/trig.sty
Package: trig 2021/08/11 v1.11 sin cos tan (DPC)
)
(/usr/local/texlive/2022/texmf-dist/tex/latex/graphics-cfg/graphics.cfg
File: graphics.cfg 2016/06/04 v1.11 sample graphics configuration
)
Package graphics Info: Driver file: pdftex.def on input line 107.

(/usr/local/texlive/2022/texmf-dist/tex/latex/graphics-def/pdftex.def
File: pdftex.def 2020/10/05 v1.2a Graphics/color driver for pdftex
))
\Gin@req@height=\dimen147
\Gin@req@width=\dimen148
)
(/usr/local/texlive/2022/texmf-dist/tex/latex/base/fontenc.sty
Package: fontenc 2021/04/29 v2.0v Standard LaTeX package
)
(/usr/local/texlive/2022/texmf-dist/tex/latex/url/url.sty
\Urlmuskip=\muskip16
Package: url 2013/09/16  ver 3.4  Verb mode for urls, etc.
)
(/usr/local/texlive/2022/texmf-dist/tex/latex/float/float.sty
Package: float 2001/11/08 v1.3d Float enhancements (AL)
\c@float@type=\count280
\float@exts=\toks20
\float@box=\box50
\@float@everytoks=\toks21
\@floatcapt=\box51
)
(/usr/local/texlive/2022/texmf-dist/tex/latex/titlesec/titlesec.sty
Package: titlesec 2021/07/05 v2.14 Sectioning titles
\ttl@box=\box52
\beforetitleunit=\skip49
\aftertitleunit=\skip50
\ttl@plus=\dimen149
\ttl@minus=\dimen150
\ttl@toksa=\toks22
\titlewidth=\dimen151
\titlewidthlast=\dimen152
\titlewidthfirst=\dimen153
)
(/usr/local/texlive/2022/texmf-dist/tex/latex/l3backend/l3backend-pdftex.def
File: l3backend-pdftex.def 2022-02-07 L3 backend support: PDF output (pdfTeX)
\l__color_backend_stack_int=\count281
\l__pdf_internal_box=\box53
)
(./Untitled.aux)
\openout1 = `Untitled.aux'.

LaTeX Font Info:    Checking defaults for OML/cmm/m/it on input line 15.
LaTeX Font Info:    ... okay on input line 15.
LaTeX Font Info:    Checking defaults for OMS/cmsy/m/n on input line 15.
LaTeX Font Info:    ... okay on input line 15.
LaTeX Font Info:    Checking defaults for OT1/cmr/m/n on input line 15.
LaTeX Font Info:    ... okay on input line 15.
LaTeX Font Info:    Checking defaults for T1/cmr/m/n on input line 15.
LaTeX Font Info:    ... okay on input line 15.
LaTeX Font Info:    Checking defaults for TS1/cmr/m/n on input line 15.
LaTeX Font Info:    ... okay on input line 15.
LaTeX Font Info:    Checking defaults for OMX/cmex/m/n on input line 15.
LaTeX Font Info:    ... okay on input line 15.
LaTeX Font Info:    Checking defaults for U/cmr/m/n on input line 15.
LaTeX Font Info:    ... okay on input line 15.

*geometry* driver: auto-detecting
*geometry* detected driver: pdftex
*geometry* verbose mode - [ preamble ] result:
* driver: pdftex
* paper: a4paper
* layout: <same size as paper>
* layoutoffset:(h,v)=(0.0pt,0.0pt)
* modes: 
* h-part:(L,W,R)=(36.135pt, 525.23788pt, 36.135pt)
* v-part:(T,H,B)=(36.135pt, 772.77686pt, 36.135pt)
* \paperwidth=597.50787pt
* \paperheight=845.04684pt
* \textwidth=525.23788pt
* \textheight=772.77686pt
* \oddsidemargin=-36.135pt
* \evensidemargin=-36.135pt
* \topmargin=-73.135pt
* \headheight=12.0pt
* \headsep=25.0pt
* \topskip=10.0pt
* \footskip=30.0pt
* \marginparwidth=65.0pt
* \marginparsep=11.0pt
* \columnsep=10.0pt
* \skip\footins=9.0pt plus 4.0pt minus 2.0pt
* \hoffset=0.0pt
* \voffset=0.0pt
* \mag=1000
* \@twocolumnfalse
* \@twosidefalse
* \@mparswitchfalse
* \@reversemarginfalse
* (1in=72.27pt=25.4mm, 1cm=28.453pt)

(/usr/local/texlive/2022/texmf-dist/tex/context/base/mkii/supp-pdf.mkii
[Loading MPS to PDF converter (version 2006.09.02).]
\scratchcounter=\count282
\scratchdimen=\dimen154
\scratchbox=\box54
\nofMPsegments=\count283
\nofMParguments=\count284
\everyMPshowfont=\toks23
\MPscratchCnt=\count285
\MPscratchDim=\dimen155
\MPnumerator=\count286
\makeMPintoPDFobject=\count287
\everyMPtoPDFconversion=\toks24
) (/usr/local/texlive/2022/texmf-dist/tex/latex/epstopdf-pkg/epstopdf-base.sty
Package: epstopdf-base 2020-01-24 v2.11 Base part for package epstopdf
Package epstopdf-base Info: Redefining graphics rule for `.eps' on input line 4
85.

(/usr/local/texlive/2022/texmf-dist/tex/latex/latexconfig/epstopdf-sys.cfg
File: epstopdf-sys.cfg 2010/07/13 v1.3 Configuration of (r)epstopdf for TeX Liv
e
))
<pictures/IMG_4EC45EC59B99-1.jpeg, id=1, 1323.94624pt x 1119.18124pt>
File: pictures/IMG_4EC45EC59B99-1.jpeg Graphic file (type jpg)
<use pictures/IMG_4EC45EC59B99-1.jpeg>
Package pdftex.def Info: pictures/IMG_4EC45EC59B99-1.jpeg  used on input line 5
3.
(pdftex.def)             Requested size: 157.57297pt x 133.18593pt.
<pictures/IMG_0864.jpg, id=2, 4047.12pt x 3035.34pt>
File: pictures/IMG_0864.jpg Graphic file (type jpg)
<use pictures/IMG_0864.jpg>
Package pdftex.def Info: pictures/IMG_0864.jpg  used on input line 54.
(pdftex.def)             Requested size: 210.09193pt x 157.56532pt.

Underfull \hbox (badness 10000) in paragraph at lines 61--62

 []

<pictures/IMG_B17822D656A3-1.jpeg, id=3, 1165.35374pt x 611.28375pt>
File: pictures/IMG_B17822D656A3-1.jpeg Graphic file (type jpg)
<use pictures/IMG_B17822D656A3-1.jpeg>
Package pdftex.def Info: pictures/IMG_B17822D656A3-1.jpeg  used on input line 6
6.
(pdftex.def)             Requested size: 210.09193pt x 110.20354pt.

Underfull \hbox (badness 10000) in paragraph at lines 72--73

 []


Underfull \hbox (badness 10000) in paragraph at lines 75--77

 []

<pictures/IMG_3248C6367539-1.jpeg, id=4, 1510.64375pt x 918.43124pt>
File: pictures/IMG_3248C6367539-1.jpeg Graphic file (type jpg)
<use pictures/IMG_3248C6367539-1.jpeg>
Package pdftex.def Info: pictures/IMG_3248C6367539-1.jpeg  used on input line 8
0.
(pdftex.def)             Requested size: 210.09193pt x 127.72462pt.
[1

{/usr/local/texlive/2022/texmf-var/fonts/map/pdftex/updmap/pdftex.map} <./pictu
res/IMG_4EC45EC59B99-1.jpeg> <./pictures/IMG_0864.jpg> <./pictures/IMG_B17822D6
56A3-1.jpeg>]
<pictures/lithographymosfet.png, id=15, 550.055pt x 655.44875pt>
File: pictures/lithographymosfet.png Graphic file (type png)
<use pictures/lithographymosfet.png>
Package pdftex.def Info: pictures/lithographymosfet.png  used on input line 119
.
(pdftex.def)             Requested size: 157.57297pt x 187.76495pt.
 [2 <./pictures/IMG_3248C6367539-1.jpeg>]
LaTeX Font Info:    Trying to load font information for T1+cmtt on input line 1
26.

(/usr/local/texlive/2022/texmf-dist/tex/latex/base/t1cmtt.fd
File: t1cmtt.fd 2019/12/16 v2.5j Standard LaTeX font definitions
)
LaTeX Font Info:    External font `cmex10' loaded for size
(Font)              <7> on input line 126.
LaTeX Font Info:    External font `cmex10' loaded for size
(Font)              <5> on input line 126.
<pictures/IMG_1581.jpg, id=20, 4047.12pt x 3035.34pt>
File: pictures/IMG_1581.jpg Graphic file (type jpg)
<use pictures/IMG_1581.jpg>
Package pdftex.def Info: pictures/IMG_1581.jpg  used on input line 137.
(pdftex.def)             Requested size: 210.09193pt x 157.56532pt.
<pictures/IMG_1584.jpg, id=21, 4047.12pt x 3035.34pt>
File: pictures/IMG_1584.jpg Graphic file (type jpg)
<use pictures/IMG_1584.jpg>
Package pdftex.def Info: pictures/IMG_1584.jpg  used on input line 158.
(pdftex.def)             Requested size: 210.09193pt x 157.56532pt.
 [3 <./pictures/lithographymosfet.png> <./pictures/IMG_1581.jpg>]
<pictures/IMG_1736.jpg, id=28, 4047.12pt x 3035.34pt>
File: pictures/IMG_1736.jpg Graphic file (type jpg)
<use pictures/IMG_1736.jpg>
Package pdftex.def Info: pictures/IMG_1736.jpg  used on input line 170.
(pdftex.def)             Requested size: 210.09193pt x 157.56532pt.
<pictures/IMG_1586.jpg, id=29, 4047.12pt x 3035.34pt>
File: pictures/IMG_1586.jpg Graphic file (type jpg)
<use pictures/IMG_1586.jpg>
Package pdftex.def Info: pictures/IMG_1586.jpg  used on input line 189.
(pdftex.def)             Requested size: 157.57297pt x 118.15083pt.
<pictures/IMG_1585.jpg, id=30, 3035.34pt x 2878.755pt>
File: pictures/IMG_1585.jpg Graphic file (type jpg)
<use pictures/IMG_1585.jpg>
Package pdftex.def Info: pictures/IMG_1585.jpg  used on input line 191.
(pdftex.def)             Requested size: 157.57297pt x 149.43695pt.
<pictures/IMG_1588.jpg, id=31, 4047.12pt x 3035.34pt>
File: pictures/IMG_1588.jpg Graphic file (type jpg)
<use pictures/IMG_1588.jpg>
Package pdftex.def Info: pictures/IMG_1588.jpg  used on input line 193.
(pdftex.def)             Requested size: 157.57297pt x 118.15083pt.
 [4 <./pictures/IMG_1584.jpg> <./pictures/IMG_1736.jpg>] [5 <./pictures/IMG_158
6.jpg> <./pictures/IMG_1585.jpg> <./pictures/IMG_1588.jpg>] (./Untitled.aux) ) 
Here is how much of TeX's memory you used:
 2857 strings out of 478268
 45670 string characters out of 5846347
 346530 words of memory out of 5000000
 21051 multiletter control sequences out of 15000+600000
 474529 words of font info for 36 fonts, out of 8000000 for 9000
 1141 hyphenation exceptions out of 8191
 55i,8n,62p,743b,248s stack positions out of 10000i,1000n,20000p,200000b,200000s
{
/usr/local/texlive/2022/texmf-dist/fonts/enc/dvips/cm-super/cm-super-ts1.enc}{/
usr/local/texlive/2022/texmf-dist/fonts/enc/dvips/cm-super/cm-super-t1.enc}</us
r/local/texlive/2022/texmf-dist/fonts/type1/public/cm-super/sfbx1000.pfb></usr/
local/texlive/2022/texmf-dist/fonts/type1/public/cm-super/sfbx1200.pfb></usr/lo
cal/texlive/2022/texmf-dist/fonts/type1/public/cm-super/sfbx1440.pfb></usr/loca
l/texlive/2022/texmf-dist/fonts/type1/public/cm-super/sfrm1000.pfb></usr/local/
texlive/2022/texmf-dist/fonts/type1/public/cm-super/sfrm1200.pfb></usr/local/te
xlive/2022/texmf-dist/fonts/type1/public/cm-super/sftt1000.pfb>
Output written on Untitled.pdf (5 pages, 41025480 bytes).
PDF statistics:
 68 PDF objects out of 1000 (max. 8388607)
 35 compressed objects within 1 object stream
 0 named destinations out of 1000 (max. 500000)
 56 words of extra memory for PDF output out of 10000 (max. 10000000)

